<?xml version="1.0" encoding="utf-8"?><testsuites name="pytest tests"><testsuite name="pytest" errors="0" failures="1" skipped="0" tests="14" time="4.084" timestamp="2026-07-06T08:55:10.950961+00:00" hostname="agent-env-5a35d4ee-3311-4913-82ad-272c9da9dd0c"><testcase classname="tests.test_vab_refactor_iter6.TestVABPreservedUpToOrder" name="test_opportunity_estimated_vab_preserved" time="0.676" /><testcase classname="tests.test_vab_refactor_iter6.TestPaymentGross" name="test_payment_amount_equals_net_returns_partial" time="1.261" /><testcase classname="tests.test_vab_refactor_iter6.TestVABPreservedUpToOrder" name="test_proposal_has_total_vab_and_per_line_vab" time="0.046"><failure message="AssertionError: proposal line missing vab: dict_keys(['product_id', 'description', 'quantity', 'unit', 'unit_price', 'discount_pct', 'vat_pct', 'unit_cost'])&#10;assert 'vab' in {'product_id': None, 'description': 'Licenças M365 E3', 'quantity': 250.0, 'unit': 'mes', ...}">backend/tests/test_vab_refactor_iter6.py:386: in test_proposal_has_total_vab_and_per_line_vab
    assert "vab" in ln, f"proposal line missing vab: {ln.keys()}"
E   AssertionError: proposal line missing vab: dict_keys(['product_id', 'description', 'quantity', 'unit', 'unit_price', 'discount_pct', 'vat_pct', 'unit_cost'])
E   assert 'vab' in {'product_id': None, 'description': 'Licenças M365 E3', 'quantity': 250.0, 'unit': 'mes', ...}</failure></testcase><testcase classname="tests.test_vab_refactor_iter6.TestVABPreservedUpToOrder" name="test_order_has_total_vab" time="0.047" /><testcase classname="tests.test_vab_refactor_iter6.TestFulfilledFlow" name="test_fulfilled_transitions_on_gross_payment" time="0.791" /><testcase classname="tests.test_vab_refactor_iter6.TestPaymentGross" name="test_payment_amount_equals_gross_marks_received" time="0.611" /><testcase classname="tests.test_vab_refactor_iter6.TestFulfilledFlow" name="test_net_payment_does_NOT_reach_fulfilled" time="0.744" /><testcase classname="tests.test_vab_refactor_iter6.TestPaymentGross" name="test_payment_amount_gt_gross_returns_400_with_gross_message" time="0.608" /><testcase classname="tests.test_vab_refactor_iter6.TestInvoiceNoVAB" name="test_create_invoice_without_vab_field_returns_200" time="0.542" /><testcase classname="tests.test_vab_refactor_iter6.TestPlanNoVAB" name="test_replace_plan_without_vab_field_returns_200" time="0.552" /><testcase classname="tests.test_vab_refactor_iter6.TestReconcileShape" name="test_reconcile_response_shape" time="0.640" /><testcase classname="tests.test_vab_refactor_iter6.TestAnalyticsVAB" name="test_vab_endpoint_has_new_shape" time="0.047" /><testcase classname="tests.test_vab_refactor_iter6.TestExportInvoicesCSV" name="test_invoices_csv_no_vab_column" time="0.046" /><testcase classname="tests.test_vab_refactor_iter6.TestForecastInvoicing" name="test_forecast_invoicing_shape" time="0.045" /></testsuite></testsuites>