<?xml version="1.0" encoding="utf-8"?><testsuites name="pytest tests"><testsuite name="pytest" errors="0" failures="0" skipped="0" tests="13" time="8.646" timestamp="2026-07-01T23:43:31.077282+00:00" hostname="agent-env-5a35d4ee-3311-4913-82ad-272c9da9dd0c"><testcase classname="tests.test_new_features_iter5.TestSchedulerJobstore" name="test_current_jobstore_log_present" time="0.004" /><testcase classname="tests.test_new_features_iter5.TestSchedulerJobstore" name="test_current_jobstore_matches_env" time="0.003" /><testcase classname="tests.test_new_features_iter5.TestSchedulerJobstore" name="test_scheduler_source_supports_mongodb" time="0.000" /><testcase classname="tests.test_new_features_iter5.TestHealth" name="test_health_returns_200_no_auth" time="0.450" /><testcase classname="tests.test_new_features_iter5.TestAlertsDigestPydantic" name="test_valid_email_body_returns_200" time="0.834" /><testcase classname="tests.test_new_features_iter5.TestHealth" name="test_health_no_auth_still_works" time="0.105" /><testcase classname="tests.test_new_features_iter5.TestRedactedResendErrors" name="test_source_returns_generic_502_message" time="0.000" /><testcase classname="tests.test_new_features_iter5.TestRedactedResendErrors" name="test_helpers_send_email_async_does_not_wrap_exceptions" time="0.000" /><testcase classname="tests.test_new_features_iter5.TestAlertsDigestPydantic" name="test_invalid_email_returns_422" time="0.044" /><testcase classname="tests.test_new_features_iter5.TestEventHooks" name="test_proposal_won_hook_logs_email_sent" time="3.608" /><testcase classname="tests.test_new_features_iter5.TestAlertsDigestPydantic" name="test_no_body_uses_authenticated_user_email" time="0.224" /><testcase classname="tests.test_new_features_iter5.TestAlertsDigestPydantic" name="test_empty_json_body_uses_user_email" time="0.200" /><testcase classname="tests.test_new_features_iter5.TestEventHooks" name="test_order_fulfilled_hook_logs_email_sent" time="3.882" /></testsuite></testsuites>