<?xml version="1.0" encoding="utf-8"?><testsuites name="pytest tests"><testsuite name="pytest" errors="0" failures="0" skipped="0" tests="43" time="5.121" timestamp="2026-07-01T23:34:50.436694+00:00" hostname="agent-env-5a35d4ee-3311-4913-82ad-272c9da9dd0c"><testcase classname="tests.test_regression_refactor.TestScheduler" name="test_scheduler_module_exposes_job_function" time="0.507" /><testcase classname="tests.test_regression_refactor.TestScheduler" name="test_job_send_alerts_digest_callable" time="0.009" /><testcase classname="tests.test_regression_refactor.TestScheduler" name="test_scheduler_env_vars_present" time="0.000" /><testcase classname="tests.test_regression_refactor.TestScheduler" name="test_scheduler_start_log_line_present" time="0.000" /><testcase classname="tests.test_regression_refactor.TestAuth" name="test_admin_login_returns_valid_token" time="0.329" /><testcase classname="tests.test_regression_refactor" name="test_get_endpoint_admin_200[/users]" time="0.678" /><testcase classname="tests.test_regression_refactor" name="test_get_endpoint_admin_200[/clients]" time="0.227" /><testcase classname="tests.test_regression_refactor" name="test_get_endpoint_admin_200[/manufacturers]" time="0.044" /><testcase classname="tests.test_regression_refactor" name="test_get_endpoint_admin_200[/products]" time="0.227" /><testcase classname="tests.test_regression_refactor.TestAuth" name="test_me_with_token" time="0.323" /><testcase classname="tests.test_regression_refactor" name="test_get_endpoint_admin_200[/leads]" time="0.081" /><testcase classname="tests.test_regression_refactor.TestAuth" name="test_login_bad_password_401" time="0.271" /><testcase classname="tests.test_regression_refactor" name="test_get_endpoint_admin_200[/opportunities]" time="0.242" /><testcase classname="tests.test_regression_refactor.TestUsersManagement" name="test_create_and_patch_role_active_then_login_inactive" time="0.630" /><testcase classname="tests.test_regression_refactor" name="test_get_endpoint_admin_200[/proposals]" time="0.268" /><testcase classname="tests.test_regression_refactor" name="test_get_endpoint_admin_200[/orders]" time="0.045" /><testcase classname="tests.test_regression_refactor" name="test_get_endpoint_admin_200[/dashboard/kpis]" time="0.048" /><testcase classname="tests.test_regression_refactor" name="test_get_endpoint_admin_200[/dashboard/funnel]" time="0.267" /><testcase classname="tests.test_regression_refactor.TestUsersManagement" name="test_admin_cannot_self_deactivate" time="0.129" /><testcase classname="tests.test_regression_refactor" name="test_get_endpoint_admin_200[/dashboard/alerts]" time="0.049" /><testcase classname="tests.test_regression_refactor" name="test_get_endpoint_admin_200[/analytics/by-commercial]" time="0.090" /><testcase classname="tests.test_regression_refactor.TestUsersManagement" name="test_admin_cannot_change_own_role" time="0.132" /><testcase classname="tests.test_regression_refactor" name="test_get_endpoint_admin_200[/analytics/by-client]" time="0.048" /><testcase classname="tests.test_regression_refactor" name="test_get_endpoint_admin_200[/analytics/by-manufacturer]" time="0.048" /><testcase classname="tests.test_regression_refactor" name="test_get_endpoint_admin_200[/analytics/forecast/invoicing]" time="0.049" /><testcase classname="tests.test_regression_refactor.TestNotifications" name="test_test_email_admin_delivers" time="0.411" /><testcase classname="tests.test_regression_refactor" name="test_get_endpoint_admin_200[/analytics/forecast/receiving]" time="0.048" /><testcase classname="tests.test_regression_refactor" name="test_get_endpoint_admin_200[/analytics/vab]" time="0.057" /><testcase classname="tests.test_regression_refactor" name="test_get_endpoint_admin_200[/analytics/executive]" time="0.053" /><testcase classname="tests.test_regression_refactor" name="test_get_endpoint_admin_200[/projects]" time="0.130" /><testcase classname="tests.test_regression_refactor" name="test_get_endpoint_admin_200[/me/time-entries]" time="0.047" /><testcase classname="tests.test_regression_refactor" name="test_get_endpoint_admin_200[/me/allocations]" time="0.045" /><testcase classname="tests.test_regression_refactor.TestNotifications" name="test_send_alerts_digest" time="0.050" /><testcase classname="tests.test_regression_refactor" name="test_get_endpoint_admin_200[/audit]" time="0.047" /><testcase classname="tests.test_regression_refactor" name="test_dashboard_funnel_with_manufacturer_id" time="0.271" /><testcase classname="tests.test_regression_refactor.TestNotifications" name="test_notifications_forbidden_for_comercial" time="0.354" /><testcase classname="tests.test_regression_refactor" name="test_exports_csv[/exports/invoices.csv]" time="0.047" /><testcase classname="tests.test_regression_refactor" name="test_exports_csv[/exports/timesheet.csv]" time="0.045" /><testcase classname="tests.test_regression_refactor.TestCRUDLifecycle" name="test_create_client_and_fetch" time="0.093" /><testcase classname="tests.test_regression_refactor" name="test_exports_csv[/exports/reporting-commercial.csv]" time="0.088" /><testcase classname="tests.test_regression_refactor.TestCRUDLifecycle" name="test_create_lead_and_patch_triggers_audit" time="0.226" /><testcase classname="tests.test_regression_refactor.TestFinanceFlow" name="test_finance_full_flow" time="0.864" /><testcase classname="tests.test_regression_refactor.TestTechnical" name="test_create_project_and_summary" time="0.185" /></testsuite></testsuites>