<?xml version="1.0" encoding="utf-8"?><testsuites name="pytest tests"><testsuite name="pytest" errors="0" failures="0" skipped="0" tests="13" time="2.960" timestamp="2026-07-01T22:37:04.758409+00:00" hostname="agent-env-5a35d4ee-3311-4913-82ad-272c9da9dd0c"><testcase classname="tests.test_notifications_resend" name="test_login_admin_returns_token" time="0.417" /><testcase classname="tests.test_notifications_resend" name="test_test_email_no_auth_returns_401_or_403" time="0.049" /><testcase classname="tests.test_notifications_resend" name="test_test_email_forbidden_for_comercial" time="0.320" /><testcase classname="tests.test_notifications_resend" name="test_test_email_invalid_payload_returns_422" time="0.316" /><testcase classname="tests.test_notifications_resend" name="test_test_email_admin_success" time="0.255" /><testcase classname="tests.test_notifications_resend" name="test_alerts_digest_no_alerts_returns_sent_false" time="0.109" /><testcase classname="tests.test_notifications_resend" name="test_alerts_digest_with_forced_alert" time="0.343" /><testcase classname="tests.test_notifications_resend" name="test_alerts_digest_forbidden_for_comercial" time="0.048" /><testcase classname="tests.test_notifications_resend" name="test_regression_endpoints_admin[/leads]" time="0.050" /><testcase classname="tests.test_notifications_resend" name="test_regression_endpoints_admin[/opportunities]" time="0.048" /><testcase classname="tests.test_notifications_resend" name="test_regression_endpoints_admin[/orders]" time="0.049" /><testcase classname="tests.test_notifications_resend" name="test_regression_endpoints_admin[/dashboard/alerts]" time="0.057" /><testcase classname="tests.test_notifications_resend" name="test_regression_endpoints_admin[/analytics/executive]" time="0.051" /></testsuite></testsuites>